Tutes-Examples/Flight-Computer-Android-Flightradar24-imported/app/build/outputs/logs/manifest-merger-debug-report.txt
-- Merging decision tree log ---
manifest
ADDED from src/main/AndroidManifest.xml:2:1-59:12
	package
		ADDED from src/main/AndroidManifest.xml:3:5-33
		INJECTED from src/main/AndroidManifest.xml
		INJECTED from src/main/AndroidManifest.xml
	android:versionName
		ADDED from src/main/AndroidManifest.xml:5:5-30
		INJECTED from src/main/AndroidManifest.xml
		INJECTED from src/main/AndroidManifest.xml
	android:versionCode
		ADDED from src/main/AndroidManifest.xml:4:5-29
		INJECTED from src/main/AndroidManifest.xml
		INJECTED from src/main/AndroidManifest.xml
	xmlns:android
		ADDED from src/main/AndroidManifest.xml:2:11-69
uses-sdk
ADDED from src/main/AndroidManifest.xml:6:5-74
MERGED from [com.android.support:support-v4:21.0.3] AndroidManifest.xml:15:5-42
	android:targetSdkVersion
		ADDED from src/main/AndroidManifest.xml:6:42-71
		INJECTED from src/main/AndroidManifest.xml
		INJECTED from src/main/AndroidManifest.xml
	android:minSdkVersion
		ADDED from src/main/AndroidManifest.xml:6:15-41
		INJECTED from src/main/AndroidManifest.xml
		INJECTED from src/main/AndroidManifest.xml
uses-permission#android.permission.INTERNET
ADDED from src/main/AndroidManifest.xml:7:2-64
	android:name
		ADDED from src/main/AndroidManifest.xml:7:19-61
uses-permission#android.permission.WRITE_EXTERNAL_STORAGE
ADDED from src/main/AndroidManifest.xml:8:2-77
	android:name
		ADDED from src/main/AndroidManifest.xml:8:19-75
uses-permission#android.permission.ACCESS_NETWORK_STATE
ADDED from src/main/AndroidManifest.xml:9:2-76
	android:name
		ADDED from src/main/AndroidManifest.xml:9:19-73
uses-permission#android.permission.ACCESS_FINE_LOCATION
ADDED from src/main/AndroidManifest.xml:10:2-76
	android:name
		ADDED from src/main/AndroidManifest.xml:10:19-73
uses-permission#android.permission.WAKE_LOCK
ADDED from src/main/AndroidManifest.xml:11:5-68
	android:name
		ADDED from src/main/AndroidManifest.xml:11:22-65
application
ADDED from src/main/AndroidManifest.xml:12:2-58:19
MERGED from [com.android.support:support-v4:21.0.3] AndroidManifest.xml:16:5-19
	android:label
		ADDED from src/main/AndroidManifest.xml:15:9-41
	android:allowBackup
		ADDED from src/main/AndroidManifest.xml:13:6-32
	android:alwaysRetainTaskState
		ADDED from src/main/AndroidManifest.xml:16:9-45
	android:icon
		ADDED from src/main/AndroidManifest.xml:14:9-45
	android:largeHeap
		ADDED from src/main/AndroidManifest.xml:17:9-33
	android:theme
		ADDED from src/main/AndroidManifest.xml:18:9-40
activity#com.flightcomputer.FCActivity
ADDED from src/main/AndroidManifest.xml:19:9-30:20
	android:label
		ADDED from src/main/AndroidManifest.xml:21:13-45
	android:configChanges
		ADDED from src/main/AndroidManifest.xml:22:13-74
	android:name
		ADDED from src/main/AndroidManifest.xml:20:13-57
intent-filter#android.intent.action.MAIN+android.intent.category.LAUNCHER
ADDED from src/main/AndroidManifest.xml:23:13-26:29
action#android.intent.action.MAIN
ADDED from src/main/AndroidManifest.xml:24:17-69
	android:name
		ADDED from src/main/AndroidManifest.xml:24:25-66
category#android.intent.category.LAUNCHER
ADDED from src/main/AndroidManifest.xml:25:17-77
	android:name
		ADDED from src/main/AndroidManifest.xml:25:27-74
meta-data#android.app.default_searchable
ADDED from src/main/AndroidManifest.xml:27:13-29:87
	android:value
		ADDED from src/main/AndroidManifest.xml:29:17-84
	android:name
		ADDED from src/main/AndroidManifest.xml:28:17-62
activity#com.flightcomputer.EditPreferences
ADDED from src/main/AndroidManifest.xml:31:9-53
	android:name
		ADDED from src/main/AndroidManifest.xml:31:19-50
activity#com.flightcomputer.IgcLoad
ADDED from src/main/AndroidManifest.xml:32:5-41
	android:name
		ADDED from src/main/AndroidManifest.xml:32:15-38
activity#com.flightcomputer.Task
ADDED from src/main/AndroidManifest.xml:33:5-38
	android:name
		ADDED from src/main/AndroidManifest.xml:33:15-35
activity#com.flightcomputer.DownloadActivity
ADDED from src/main/AndroidManifest.xml:34:5-50
	android:name
		ADDED from src/main/AndroidManifest.xml:34:15-47
activity#com.flightcomputer.PressureAltimeterActivity
ADDED from src/main/AndroidManifest.xml:35:5-36:49
	android:windowSoftInputMode
		ADDED from src/main/AndroidManifest.xml:35:57-115
	android:theme
		ADDED from src/main/AndroidManifest.xml:36:10-46
	android:name
		ADDED from src/main/AndroidManifest.xml:35:15-56
activity#com.flightcomputer.GpsSkyActivity
ADDED from src/main/AndroidManifest.xml:37:5-38:49
	android:windowSoftInputMode
		ADDED from src/main/AndroidManifest.xml:37:46-104
	android:theme
		ADDED from src/main/AndroidManifest.xml:38:10-46
	android:name
		ADDED from src/main/AndroidManifest.xml:37:15-45
activity#com.flightcomputer.filepicker.FilePicker
ADDED from src/main/AndroidManifest.xml:39:5-55
	android:name
		ADDED from src/main/AndroidManifest.xml:39:15-52
service#com.flightcomputer.utilities.BaroService
ADDED from src/main/AndroidManifest.xml:40:5-94
	android:enabled
		ADDED from src/main/AndroidManifest.xml:40:14-36
	android:name
		ADDED from src/main/AndroidManifest.xml:40:37-92
activity#com.nutiteq.advancedmap.mapquest.SearchQueryResults
ADDED from src/main/AndroidManifest.xml:41:6-52:14
	android:exported
		ADDED from src/main/AndroidManifest.xml:43:8-32
	android:name
		ADDED from src/main/AndroidManifest.xml:42:8-74
intent-filter#android.intent.action.SEARCH+android.intent.category.DEFAULT
ADDED from src/main/AndroidManifest.xml:44:7-47:23
action#android.intent.action.SEARCH
ADDED from src/main/AndroidManifest.xml:45:11-65
	android:name
		ADDED from src/main/AndroidManifest.xml:45:19-62
category#android.intent.category.DEFAULT
ADDED from src/main/AndroidManifest.xml:46:11-70
	android:name
		ADDED from src/main/AndroidManifest.xml:46:21-67
meta-data#android.app.searchable
ADDED from src/main/AndroidManifest.xml:49:7-51:48
	android:resource
		ADDED from src/main/AndroidManifest.xml:51:11-45
	android:name
		ADDED from src/main/AndroidManifest.xml:50:11-48
provider#com.nutiteq.advancedmap.mapquest.SearchSuggestionProvider
ADDED from src/main/AndroidManifest.xml:53:2-57:13
	android:authorities
		ADDED from src/main/AndroidManifest.xml:55:12-49
	android:exported
		ADDED from src/main/AndroidManifest.xml:56:9-33
	android:name
		ADDED from src/main/AndroidManifest.xml:54:12-84